[2022-08-20 14:32:57,984] {taskinstance.py:1179} INFO - Dependencies all met for <TaskInstance: ETL_toll_data.extract_data_from_csv scheduled__2022-07-22T00:00:00+00:00 [queued]>
[2022-08-20 14:32:57,996] {taskinstance.py:1179} INFO - Dependencies all met for <TaskInstance: ETL_toll_data.extract_data_from_csv scheduled__2022-07-22T00:00:00+00:00 [queued]>
[2022-08-20 14:32:57,997] {taskinstance.py:1376} INFO - 
--------------------------------------------------------------------------------
[2022-08-20 14:32:57,997] {taskinstance.py:1377} INFO - Starting attempt 1 of 2
[2022-08-20 14:32:57,997] {taskinstance.py:1378} INFO - 
--------------------------------------------------------------------------------
[2022-08-20 14:32:58,014] {taskinstance.py:1397} INFO - Executing <Task(BashOperator): extract_data_from_csv> on 2022-07-22 00:00:00+00:00
[2022-08-20 14:32:58,017] {standard_task_runner.py:52} INFO - Started process 856 to run task
[2022-08-20 14:32:58,020] {standard_task_runner.py:79} INFO - Running: ['***', 'tasks', 'run', 'ETL_toll_data', 'extract_data_from_csv', 'scheduled__2022-07-22T00:00:00+00:00', '--job-id', '85', '--raw', '--subdir', 'DAGS_FOLDER/final/final.py', '--cfg-path', '/tmp/tmpx8771scw', '--error-file', '/tmp/tmpkitepp4x']
[2022-08-20 14:32:58,021] {standard_task_runner.py:80} INFO - Job 85: Subtask extract_data_from_csv
[2022-08-20 14:32:58,088] {task_command.py:371} INFO - Running <TaskInstance: ETL_toll_data.extract_data_from_csv scheduled__2022-07-22T00:00:00+00:00 [running]> on host d96844587567
[2022-08-20 14:32:58,163] {taskinstance.py:1591} INFO - Exporting the following env vars:
AIRFLOW_CTX_DAG_EMAIL=19447.iuh@gmail.com
AIRFLOW_CTX_DAG_OWNER=Ton
AIRFLOW_CTX_DAG_ID=ETL_toll_data
AIRFLOW_CTX_TASK_ID=extract_data_from_csv
AIRFLOW_CTX_EXECUTION_DATE=2022-07-22T00:00:00+00:00
AIRFLOW_CTX_TRY_NUMBER=1
AIRFLOW_CTX_DAG_RUN_ID=scheduled__2022-07-22T00:00:00+00:00
[2022-08-20 14:32:58,164] {subprocess.py:62} INFO - Tmp dir root location: 
 /tmp
[2022-08-20 14:32:58,165] {subprocess.py:74} INFO - Running command: ['bash', '-c', 'cut -f1-4 -d"," /opt/***/dags/final/staging/vehicle-data.csv | sed "s/$/,/" > /opt/***/dags/final/staging/csv_data.csv']
[2022-08-20 14:32:58,173] {subprocess.py:85} INFO - Output:
[2022-08-20 14:32:58,180] {subprocess.py:96} INFO - Command exited with return code 0
[2022-08-20 14:32:58,212] {taskinstance.py:1420} INFO - Marking task as SUCCESS. dag_id=ETL_toll_data, task_id=extract_data_from_csv, execution_date=20220722T000000, start_date=20220820T143257, end_date=20220820T143258
[2022-08-20 14:32:58,273] {local_task_job.py:156} INFO - Task exited with return code 0
[2022-08-20 14:32:58,341] {local_task_job.py:273} INFO - 1 downstream tasks scheduled from follow-on schedule check
