[2022-08-20 14:33:07,160] {taskinstance.py:1179} INFO - Dependencies all met for <TaskInstance: ETL_toll_data.extract_data_from_csv scheduled__2022-08-01T00:00:00+00:00 [queued]>
[2022-08-20 14:33:07,172] {taskinstance.py:1179} INFO - Dependencies all met for <TaskInstance: ETL_toll_data.extract_data_from_csv scheduled__2022-08-01T00:00:00+00:00 [queued]>
[2022-08-20 14:33:07,173] {taskinstance.py:1376} INFO - 
--------------------------------------------------------------------------------
[2022-08-20 14:33:07,173] {taskinstance.py:1377} INFO - Starting attempt 1 of 2
[2022-08-20 14:33:07,173] {taskinstance.py:1378} INFO - 
--------------------------------------------------------------------------------
[2022-08-20 14:33:07,189] {taskinstance.py:1397} INFO - Executing <Task(BashOperator): extract_data_from_csv> on 2022-08-01 00:00:00+00:00
[2022-08-20 14:33:07,195] {standard_task_runner.py:52} INFO - Started process 915 to run task
[2022-08-20 14:33:07,198] {standard_task_runner.py:79} INFO - Running: ['***', 'tasks', 'run', 'ETL_toll_data', 'extract_data_from_csv', 'scheduled__2022-08-01T00:00:00+00:00', '--job-id', '96', '--raw', '--subdir', 'DAGS_FOLDER/final/final.py', '--cfg-path', '/tmp/tmp60d2c3w8', '--error-file', '/tmp/tmp_rptjzb3']
[2022-08-20 14:33:07,198] {standard_task_runner.py:80} INFO - Job 96: Subtask extract_data_from_csv
[2022-08-20 14:33:07,268] {task_command.py:371} INFO - Running <TaskInstance: ETL_toll_data.extract_data_from_csv scheduled__2022-08-01T00:00:00+00:00 [running]> on host d96844587567
[2022-08-20 14:33:07,337] {taskinstance.py:1591} INFO - Exporting the following env vars:
AIRFLOW_CTX_DAG_EMAIL=19447.iuh@gmail.com
AIRFLOW_CTX_DAG_OWNER=Ton
AIRFLOW_CTX_DAG_ID=ETL_toll_data
AIRFLOW_CTX_TASK_ID=extract_data_from_csv
AIRFLOW_CTX_EXECUTION_DATE=2022-08-01T00:00:00+00:00
AIRFLOW_CTX_TRY_NUMBER=1
AIRFLOW_CTX_DAG_RUN_ID=scheduled__2022-08-01T00:00:00+00:00
[2022-08-20 14:33:07,337] {subprocess.py:62} INFO - Tmp dir root location: 
 /tmp
[2022-08-20 14:33:07,338] {subprocess.py:74} INFO - Running command: ['bash', '-c', 'cut -f1-4 -d"," /opt/***/dags/final/staging/vehicle-data.csv | sed "s/$/,/" > /opt/***/dags/final/staging/csv_data.csv']
[2022-08-20 14:33:07,348] {subprocess.py:85} INFO - Output:
[2022-08-20 14:33:07,354] {subprocess.py:96} INFO - Command exited with return code 0
[2022-08-20 14:33:07,385] {taskinstance.py:1420} INFO - Marking task as SUCCESS. dag_id=ETL_toll_data, task_id=extract_data_from_csv, execution_date=20220801T000000, start_date=20220820T143307, end_date=20220820T143307
[2022-08-20 14:33:07,410] {local_task_job.py:156} INFO - Task exited with return code 0
[2022-08-20 14:33:07,459] {local_task_job.py:273} INFO - 1 downstream tasks scheduled from follow-on schedule check
