[2022-08-20 14:33:08,748] {taskinstance.py:1179} INFO - Dependencies all met for <TaskInstance: ETL_toll_data.extract_data_from_tsv scheduled__2022-08-01T00:00:00+00:00 [queued]>
[2022-08-20 14:33:08,761] {taskinstance.py:1179} INFO - Dependencies all met for <TaskInstance: ETL_toll_data.extract_data_from_tsv scheduled__2022-08-01T00:00:00+00:00 [queued]>
[2022-08-20 14:33:08,762] {taskinstance.py:1376} INFO - 
--------------------------------------------------------------------------------
[2022-08-20 14:33:08,762] {taskinstance.py:1377} INFO - Starting attempt 1 of 2
[2022-08-20 14:33:08,762] {taskinstance.py:1378} INFO - 
--------------------------------------------------------------------------------
[2022-08-20 14:33:08,778] {taskinstance.py:1397} INFO - Executing <Task(BashOperator): extract_data_from_tsv> on 2022-08-01 00:00:00+00:00
[2022-08-20 14:33:08,782] {standard_task_runner.py:52} INFO - Started process 921 to run task
[2022-08-20 14:33:08,785] {standard_task_runner.py:79} INFO - Running: ['***', 'tasks', 'run', 'ETL_toll_data', 'extract_data_from_tsv', 'scheduled__2022-08-01T00:00:00+00:00', '--job-id', '97', '--raw', '--subdir', 'DAGS_FOLDER/final/final.py', '--cfg-path', '/tmp/tmpkj7b4dli', '--error-file', '/tmp/tmp32rrjd75']
[2022-08-20 14:33:08,786] {standard_task_runner.py:80} INFO - Job 97: Subtask extract_data_from_tsv
[2022-08-20 14:33:08,855] {task_command.py:371} INFO - Running <TaskInstance: ETL_toll_data.extract_data_from_tsv scheduled__2022-08-01T00:00:00+00:00 [running]> on host d96844587567
[2022-08-20 14:33:09,041] {taskinstance.py:1591} INFO - Exporting the following env vars:
AIRFLOW_CTX_DAG_EMAIL=19447.iuh@gmail.com
AIRFLOW_CTX_DAG_OWNER=Ton
AIRFLOW_CTX_DAG_ID=ETL_toll_data
AIRFLOW_CTX_TASK_ID=extract_data_from_tsv
AIRFLOW_CTX_EXECUTION_DATE=2022-08-01T00:00:00+00:00
AIRFLOW_CTX_TRY_NUMBER=1
AIRFLOW_CTX_DAG_RUN_ID=scheduled__2022-08-01T00:00:00+00:00
[2022-08-20 14:33:09,043] {subprocess.py:62} INFO - Tmp dir root location: 
 /tmp
[2022-08-20 14:33:09,046] {subprocess.py:74} INFO - Running command: ['bash', '-c', 'tr "\\t" "," < /opt/***/dags/final/staging/tollplaza-data.tsv |  tr -d "\\r" | cut -f5-8 -d "," | sed "s/$/,/" > /opt/***/dags/final/staging/tsv_data.csv']
[2022-08-20 14:33:09,067] {subprocess.py:85} INFO - Output:
[2022-08-20 14:33:09,094] {subprocess.py:96} INFO - Command exited with return code 0
[2022-08-20 14:33:09,230] {taskinstance.py:1420} INFO - Marking task as SUCCESS. dag_id=ETL_toll_data, task_id=extract_data_from_tsv, execution_date=20220801T000000, start_date=20220820T143308, end_date=20220820T143309
[2022-08-20 14:33:09,284] {local_task_job.py:156} INFO - Task exited with return code 0
[2022-08-20 14:33:09,328] {local_task_job.py:273} INFO - 1 downstream tasks scheduled from follow-on schedule check
