[2022-08-20 14:33:04,298] {taskinstance.py:1179} INFO - Dependencies all met for <TaskInstance: ETL_toll_data.extract_data_from_tsv scheduled__2022-07-31T00:00:00+00:00 [queued]>
[2022-08-20 14:33:04,312] {taskinstance.py:1179} INFO - Dependencies all met for <TaskInstance: ETL_toll_data.extract_data_from_tsv scheduled__2022-07-31T00:00:00+00:00 [queued]>
[2022-08-20 14:33:04,313] {taskinstance.py:1376} INFO - 
--------------------------------------------------------------------------------
[2022-08-20 14:33:04,313] {taskinstance.py:1377} INFO - Starting attempt 1 of 2
[2022-08-20 14:33:04,313] {taskinstance.py:1378} INFO - 
--------------------------------------------------------------------------------
[2022-08-20 14:33:04,330] {taskinstance.py:1397} INFO - Executing <Task(BashOperator): extract_data_from_tsv> on 2022-07-31 00:00:00+00:00
[2022-08-20 14:33:04,334] {standard_task_runner.py:52} INFO - Started process 889 to run task
[2022-08-20 14:33:04,337] {standard_task_runner.py:79} INFO - Running: ['***', 'tasks', 'run', 'ETL_toll_data', 'extract_data_from_tsv', 'scheduled__2022-07-31T00:00:00+00:00', '--job-id', '91', '--raw', '--subdir', 'DAGS_FOLDER/final/final.py', '--cfg-path', '/tmp/tmp6bn080ar', '--error-file', '/tmp/tmp3jm4m008']
[2022-08-20 14:33:04,338] {standard_task_runner.py:80} INFO - Job 91: Subtask extract_data_from_tsv
[2022-08-20 14:33:04,413] {task_command.py:371} INFO - Running <TaskInstance: ETL_toll_data.extract_data_from_tsv scheduled__2022-07-31T00:00:00+00:00 [running]> on host d96844587567
[2022-08-20 14:33:04,511] {taskinstance.py:1591} INFO - Exporting the following env vars:
AIRFLOW_CTX_DAG_EMAIL=19447.iuh@gmail.com
AIRFLOW_CTX_DAG_OWNER=Ton
AIRFLOW_CTX_DAG_ID=ETL_toll_data
AIRFLOW_CTX_TASK_ID=extract_data_from_tsv
AIRFLOW_CTX_EXECUTION_DATE=2022-07-31T00:00:00+00:00
AIRFLOW_CTX_TRY_NUMBER=1
AIRFLOW_CTX_DAG_RUN_ID=scheduled__2022-07-31T00:00:00+00:00
[2022-08-20 14:33:04,512] {subprocess.py:62} INFO - Tmp dir root location: 
 /tmp
[2022-08-20 14:33:04,513] {subprocess.py:74} INFO - Running command: ['bash', '-c', 'tr "\\t" "," < /opt/***/dags/final/staging/tollplaza-data.tsv |  tr -d "\\r" | cut -f5-8 -d "," | sed "s/$/,/" > /opt/***/dags/final/staging/tsv_data.csv']
[2022-08-20 14:33:04,522] {subprocess.py:85} INFO - Output:
[2022-08-20 14:33:04,531] {subprocess.py:96} INFO - Command exited with return code 0
[2022-08-20 14:33:04,562] {taskinstance.py:1420} INFO - Marking task as SUCCESS. dag_id=ETL_toll_data, task_id=extract_data_from_tsv, execution_date=20220731T000000, start_date=20220820T143304, end_date=20220820T143304
[2022-08-20 14:33:04,593] {local_task_job.py:156} INFO - Task exited with return code 0
[2022-08-20 14:33:04,638] {local_task_job.py:273} INFO - 1 downstream tasks scheduled from follow-on schedule check
