[2022-08-20 14:33:29,991] {taskinstance.py:1179} INFO - Dependencies all met for <TaskInstance: ETL_toll_data.extract_data_from_csv scheduled__2022-08-17T00:00:00+00:00 [queued]>
[2022-08-20 14:33:30,006] {taskinstance.py:1179} INFO - Dependencies all met for <TaskInstance: ETL_toll_data.extract_data_from_csv scheduled__2022-08-17T00:00:00+00:00 [queued]>
[2022-08-20 14:33:30,006] {taskinstance.py:1376} INFO - 
--------------------------------------------------------------------------------
[2022-08-20 14:33:30,006] {taskinstance.py:1377} INFO - Starting attempt 1 of 2
[2022-08-20 14:33:30,006] {taskinstance.py:1378} INFO - 
--------------------------------------------------------------------------------
[2022-08-20 14:33:30,023] {taskinstance.py:1397} INFO - Executing <Task(BashOperator): extract_data_from_csv> on 2022-08-17 00:00:00+00:00
[2022-08-20 14:33:30,028] {standard_task_runner.py:52} INFO - Started process 975 to run task
[2022-08-20 14:33:30,031] {standard_task_runner.py:79} INFO - Running: ['***', 'tasks', 'run', 'ETL_toll_data', 'extract_data_from_csv', 'scheduled__2022-08-17T00:00:00+00:00', '--job-id', '104', '--raw', '--subdir', 'DAGS_FOLDER/final/final.py', '--cfg-path', '/tmp/tmp8st107z_', '--error-file', '/tmp/tmpz_x5ybuh']
[2022-08-20 14:33:30,031] {standard_task_runner.py:80} INFO - Job 104: Subtask extract_data_from_csv
[2022-08-20 14:33:30,104] {task_command.py:371} INFO - Running <TaskInstance: ETL_toll_data.extract_data_from_csv scheduled__2022-08-17T00:00:00+00:00 [running]> on host d96844587567
[2022-08-20 14:33:30,179] {taskinstance.py:1591} INFO - Exporting the following env vars:
AIRFLOW_CTX_DAG_EMAIL=19447.iuh@gmail.com
AIRFLOW_CTX_DAG_OWNER=Ton
AIRFLOW_CTX_DAG_ID=ETL_toll_data
AIRFLOW_CTX_TASK_ID=extract_data_from_csv
AIRFLOW_CTX_EXECUTION_DATE=2022-08-17T00:00:00+00:00
AIRFLOW_CTX_TRY_NUMBER=1
AIRFLOW_CTX_DAG_RUN_ID=scheduled__2022-08-17T00:00:00+00:00
[2022-08-20 14:33:30,180] {subprocess.py:62} INFO - Tmp dir root location: 
 /tmp
[2022-08-20 14:33:30,181] {subprocess.py:74} INFO - Running command: ['bash', '-c', 'cut -f1-4 -d"," /opt/***/dags/final/staging/vehicle-data.csv | sed "s/$/,/" > /opt/***/dags/final/staging/csv_data.csv']
[2022-08-20 14:33:30,192] {subprocess.py:85} INFO - Output:
[2022-08-20 14:33:30,198] {subprocess.py:96} INFO - Command exited with return code 0
[2022-08-20 14:33:30,229] {taskinstance.py:1420} INFO - Marking task as SUCCESS. dag_id=ETL_toll_data, task_id=extract_data_from_csv, execution_date=20220817T000000, start_date=20220820T143329, end_date=20220820T143330
[2022-08-20 14:33:30,283] {local_task_job.py:156} INFO - Task exited with return code 0
[2022-08-20 14:33:30,342] {local_task_job.py:273} INFO - 1 downstream tasks scheduled from follow-on schedule check
