[2022-08-20 14:33:13,757] {taskinstance.py:1179} INFO - Dependencies all met for <TaskInstance: ETL_toll_data.transform_data scheduled__2022-08-01T00:00:00+00:00 [queued]>
[2022-08-20 14:33:13,769] {taskinstance.py:1179} INFO - Dependencies all met for <TaskInstance: ETL_toll_data.transform_data scheduled__2022-08-01T00:00:00+00:00 [queued]>
[2022-08-20 14:33:13,769] {taskinstance.py:1376} INFO - 
--------------------------------------------------------------------------------
[2022-08-20 14:33:13,769] {taskinstance.py:1377} INFO - Starting attempt 1 of 2
[2022-08-20 14:33:13,769] {taskinstance.py:1378} INFO - 
--------------------------------------------------------------------------------
[2022-08-20 14:33:13,784] {taskinstance.py:1397} INFO - Executing <Task(BashOperator): transform_data> on 2022-08-01 00:00:00+00:00
[2022-08-20 14:33:13,788] {standard_task_runner.py:52} INFO - Started process 952 to run task
[2022-08-20 14:33:13,791] {standard_task_runner.py:79} INFO - Running: ['***', 'tasks', 'run', 'ETL_toll_data', 'transform_data', 'scheduled__2022-08-01T00:00:00+00:00', '--job-id', '101', '--raw', '--subdir', 'DAGS_FOLDER/final/final.py', '--cfg-path', '/tmp/tmpxtt54p73', '--error-file', '/tmp/tmp858ogzav']
[2022-08-20 14:33:13,792] {standard_task_runner.py:80} INFO - Job 101: Subtask transform_data
[2022-08-20 14:33:13,854] {task_command.py:371} INFO - Running <TaskInstance: ETL_toll_data.transform_data scheduled__2022-08-01T00:00:00+00:00 [running]> on host d96844587567
[2022-08-20 14:33:13,922] {taskinstance.py:1591} INFO - Exporting the following env vars:
AIRFLOW_CTX_DAG_EMAIL=19447.iuh@gmail.com
AIRFLOW_CTX_DAG_OWNER=Ton
AIRFLOW_CTX_DAG_ID=ETL_toll_data
AIRFLOW_CTX_TASK_ID=transform_data
AIRFLOW_CTX_EXECUTION_DATE=2022-08-01T00:00:00+00:00
AIRFLOW_CTX_TRY_NUMBER=1
AIRFLOW_CTX_DAG_RUN_ID=scheduled__2022-08-01T00:00:00+00:00
[2022-08-20 14:33:13,923] {subprocess.py:62} INFO - Tmp dir root location: 
 /tmp
[2022-08-20 14:33:13,923] {subprocess.py:74} INFO - Running command: ['bash', '-c', 'cut -d "," -f4 | tr [a-z] [A-Z] < /opt/***/dags/final/staging/extracted_data.csv > /opt/***/dags/final/staging/transformed_data.csv']
[2022-08-20 14:33:13,932] {subprocess.py:85} INFO - Output:
[2022-08-20 14:33:13,937] {subprocess.py:96} INFO - Command exited with return code 0
[2022-08-20 14:33:13,968] {taskinstance.py:1420} INFO - Marking task as SUCCESS. dag_id=ETL_toll_data, task_id=transform_data, execution_date=20220801T000000, start_date=20220820T143313, end_date=20220820T143313
[2022-08-20 14:33:14,004] {local_task_job.py:156} INFO - Task exited with return code 0
[2022-08-20 14:33:14,034] {local_task_job.py:273} INFO - 0 downstream tasks scheduled from follow-on schedule check
