[2022-08-20 14:33:04,298] {taskinstance.py:1179} INFO - Dependencies all met for <TaskInstance: ETL_toll_data.transform_data scheduled__2022-07-22T00:00:00+00:00 [queued]>
[2022-08-20 14:33:04,315] {taskinstance.py:1179} INFO - Dependencies all met for <TaskInstance: ETL_toll_data.transform_data scheduled__2022-07-22T00:00:00+00:00 [queued]>
[2022-08-20 14:33:04,315] {taskinstance.py:1376} INFO - 
--------------------------------------------------------------------------------
[2022-08-20 14:33:04,315] {taskinstance.py:1377} INFO - Starting attempt 1 of 2
[2022-08-20 14:33:04,315] {taskinstance.py:1378} INFO - 
--------------------------------------------------------------------------------
[2022-08-20 14:33:04,333] {taskinstance.py:1397} INFO - Executing <Task(BashOperator): transform_data> on 2022-07-22 00:00:00+00:00
[2022-08-20 14:33:04,337] {standard_task_runner.py:52} INFO - Started process 890 to run task
[2022-08-20 14:33:04,341] {standard_task_runner.py:79} INFO - Running: ['***', 'tasks', 'run', 'ETL_toll_data', 'transform_data', 'scheduled__2022-07-22T00:00:00+00:00', '--job-id', '92', '--raw', '--subdir', 'DAGS_FOLDER/final/final.py', '--cfg-path', '/tmp/tmpmt13st47', '--error-file', '/tmp/tmp7hqd9fsq']
[2022-08-20 14:33:04,343] {standard_task_runner.py:80} INFO - Job 92: Subtask transform_data
[2022-08-20 14:33:04,431] {task_command.py:371} INFO - Running <TaskInstance: ETL_toll_data.transform_data scheduled__2022-07-22T00:00:00+00:00 [running]> on host d96844587567
[2022-08-20 14:33:04,521] {taskinstance.py:1591} INFO - Exporting the following env vars:
AIRFLOW_CTX_DAG_EMAIL=19447.iuh@gmail.com
AIRFLOW_CTX_DAG_OWNER=Ton
AIRFLOW_CTX_DAG_ID=ETL_toll_data
AIRFLOW_CTX_TASK_ID=transform_data
AIRFLOW_CTX_EXECUTION_DATE=2022-07-22T00:00:00+00:00
AIRFLOW_CTX_TRY_NUMBER=1
AIRFLOW_CTX_DAG_RUN_ID=scheduled__2022-07-22T00:00:00+00:00
[2022-08-20 14:33:04,523] {subprocess.py:62} INFO - Tmp dir root location: 
 /tmp
[2022-08-20 14:33:04,524] {subprocess.py:74} INFO - Running command: ['bash', '-c', 'cut -d "," -f4 | tr [a-z] [A-Z] < /opt/***/dags/final/staging/extracted_data.csv > /opt/***/dags/final/staging/transformed_data.csv']
[2022-08-20 14:33:04,534] {subprocess.py:85} INFO - Output:
[2022-08-20 14:33:04,539] {subprocess.py:96} INFO - Command exited with return code 0
[2022-08-20 14:33:04,568] {taskinstance.py:1420} INFO - Marking task as SUCCESS. dag_id=ETL_toll_data, task_id=transform_data, execution_date=20220722T000000, start_date=20220820T143304, end_date=20220820T143304
[2022-08-20 14:33:04,597] {local_task_job.py:156} INFO - Task exited with return code 0
[2022-08-20 14:33:04,631] {local_task_job.py:273} INFO - 0 downstream tasks scheduled from follow-on schedule check
