[2022-08-20 14:33:35,025] {taskinstance.py:1179} INFO - Dependencies all met for <TaskInstance: ETL_toll_data.consolidate_data scheduled__2022-08-17T00:00:00+00:00 [queued]>
[2022-08-20 14:33:35,038] {taskinstance.py:1179} INFO - Dependencies all met for <TaskInstance: ETL_toll_data.consolidate_data scheduled__2022-08-17T00:00:00+00:00 [queued]>
[2022-08-20 14:33:35,039] {taskinstance.py:1376} INFO - 
--------------------------------------------------------------------------------
[2022-08-20 14:33:35,039] {taskinstance.py:1377} INFO - Starting attempt 1 of 2
[2022-08-20 14:33:35,039] {taskinstance.py:1378} INFO - 
--------------------------------------------------------------------------------
[2022-08-20 14:33:35,058] {taskinstance.py:1397} INFO - Executing <Task(BashOperator): consolidate_data> on 2022-08-17 00:00:00+00:00
[2022-08-20 14:33:35,062] {standard_task_runner.py:52} INFO - Started process 1023 to run task
[2022-08-20 14:33:35,068] {standard_task_runner.py:79} INFO - Running: ['***', 'tasks', 'run', 'ETL_toll_data', 'consolidate_data', 'scheduled__2022-08-17T00:00:00+00:00', '--job-id', '110', '--raw', '--subdir', 'DAGS_FOLDER/final/final.py', '--cfg-path', '/tmp/tmp64gb7ro1', '--error-file', '/tmp/tmpsjhdqhx4']
[2022-08-20 14:33:35,068] {standard_task_runner.py:80} INFO - Job 110: Subtask consolidate_data
[2022-08-20 14:33:35,141] {task_command.py:371} INFO - Running <TaskInstance: ETL_toll_data.consolidate_data scheduled__2022-08-17T00:00:00+00:00 [running]> on host d96844587567
[2022-08-20 14:33:35,211] {taskinstance.py:1591} INFO - Exporting the following env vars:
AIRFLOW_CTX_DAG_EMAIL=19447.iuh@gmail.com
AIRFLOW_CTX_DAG_OWNER=Ton
AIRFLOW_CTX_DAG_ID=ETL_toll_data
AIRFLOW_CTX_TASK_ID=consolidate_data
AIRFLOW_CTX_EXECUTION_DATE=2022-08-17T00:00:00+00:00
AIRFLOW_CTX_TRY_NUMBER=1
AIRFLOW_CTX_DAG_RUN_ID=scheduled__2022-08-17T00:00:00+00:00
[2022-08-20 14:33:35,212] {subprocess.py:62} INFO - Tmp dir root location: 
 /tmp
[2022-08-20 14:33:35,213] {subprocess.py:74} INFO - Running command: ['bash', '-c', 'paste /opt/***/dags/final/staging/csv_data.csv /opt/***/dags/final/staging/tsv_data.csv /opt/***/dags/final/staging/fixed_width_data.csv                    > /opt/***/dags/final/staging/extracted_data.csv']
[2022-08-20 14:33:35,222] {subprocess.py:85} INFO - Output:
[2022-08-20 14:33:35,230] {subprocess.py:96} INFO - Command exited with return code 0
[2022-08-20 14:33:35,262] {taskinstance.py:1420} INFO - Marking task as SUCCESS. dag_id=ETL_toll_data, task_id=consolidate_data, execution_date=20220817T000000, start_date=20220820T143335, end_date=20220820T143335
[2022-08-20 14:33:35,281] {local_task_job.py:156} INFO - Task exited with return code 0
[2022-08-20 14:33:35,317] {local_task_job.py:273} INFO - 1 downstream tasks scheduled from follow-on schedule check
