[2022-08-20 14:33:05,845] {taskinstance.py:1179} INFO - Dependencies all met for <TaskInstance: ETL_toll_data.extract_data_from_fixed_width scheduled__2022-07-31T00:00:00+00:00 [queued]>
[2022-08-20 14:33:05,856] {taskinstance.py:1179} INFO - Dependencies all met for <TaskInstance: ETL_toll_data.extract_data_from_fixed_width scheduled__2022-07-31T00:00:00+00:00 [queued]>
[2022-08-20 14:33:05,857] {taskinstance.py:1376} INFO - 
--------------------------------------------------------------------------------
[2022-08-20 14:33:05,857] {taskinstance.py:1377} INFO - Starting attempt 1 of 2
[2022-08-20 14:33:05,857] {taskinstance.py:1378} INFO - 
--------------------------------------------------------------------------------
[2022-08-20 14:33:05,885] {taskinstance.py:1397} INFO - Executing <Task(BashOperator): extract_data_from_fixed_width> on 2022-07-31 00:00:00+00:00
[2022-08-20 14:33:05,894] {standard_task_runner.py:52} INFO - Started process 901 to run task
[2022-08-20 14:33:05,897] {standard_task_runner.py:79} INFO - Running: ['***', 'tasks', 'run', 'ETL_toll_data', 'extract_data_from_fixed_width', 'scheduled__2022-07-31T00:00:00+00:00', '--job-id', '93', '--raw', '--subdir', 'DAGS_FOLDER/final/final.py', '--cfg-path', '/tmp/tmpxc8cy2ws', '--error-file', '/tmp/tmpkpqi76xu']
[2022-08-20 14:33:05,898] {standard_task_runner.py:80} INFO - Job 93: Subtask extract_data_from_fixed_width
[2022-08-20 14:33:05,993] {task_command.py:371} INFO - Running <TaskInstance: ETL_toll_data.extract_data_from_fixed_width scheduled__2022-07-31T00:00:00+00:00 [running]> on host d96844587567
[2022-08-20 14:33:06,086] {taskinstance.py:1591} INFO - Exporting the following env vars:
AIRFLOW_CTX_DAG_EMAIL=19447.iuh@gmail.com
AIRFLOW_CTX_DAG_OWNER=Ton
AIRFLOW_CTX_DAG_ID=ETL_toll_data
AIRFLOW_CTX_TASK_ID=extract_data_from_fixed_width
AIRFLOW_CTX_EXECUTION_DATE=2022-07-31T00:00:00+00:00
AIRFLOW_CTX_TRY_NUMBER=1
AIRFLOW_CTX_DAG_RUN_ID=scheduled__2022-07-31T00:00:00+00:00
[2022-08-20 14:33:06,087] {subprocess.py:62} INFO - Tmp dir root location: 
 /tmp
[2022-08-20 14:33:06,088] {subprocess.py:74} INFO - Running command: ['bash', '-c', 'tr -s " "< /opt/***/dags/final/staging/payment-data.txt | cut -d" " -f11-12 | sed "s/$/,/" | tr " " ","  > /opt/***/dags/final/staging/fixed_width_data.csv']
[2022-08-20 14:33:06,100] {subprocess.py:85} INFO - Output:
[2022-08-20 14:33:06,110] {subprocess.py:96} INFO - Command exited with return code 0
[2022-08-20 14:33:06,185] {taskinstance.py:1420} INFO - Marking task as SUCCESS. dag_id=ETL_toll_data, task_id=extract_data_from_fixed_width, execution_date=20220731T000000, start_date=20220820T143305, end_date=20220820T143306
[2022-08-20 14:33:06,233] {local_task_job.py:156} INFO - Task exited with return code 0
[2022-08-20 14:33:06,294] {local_task_job.py:273} INFO - 1 downstream tasks scheduled from follow-on schedule check
