[2022-08-20 14:33:33,323] {taskinstance.py:1179} INFO - Dependencies all met for <TaskInstance: ETL_toll_data.extract_data_from_fixed_width scheduled__2022-08-16T00:00:00+00:00 [queued]>
[2022-08-20 14:33:33,346] {taskinstance.py:1179} INFO - Dependencies all met for <TaskInstance: ETL_toll_data.extract_data_from_fixed_width scheduled__2022-08-16T00:00:00+00:00 [queued]>
[2022-08-20 14:33:33,346] {taskinstance.py:1376} INFO - 
--------------------------------------------------------------------------------
[2022-08-20 14:33:33,346] {taskinstance.py:1377} INFO - Starting attempt 1 of 2
[2022-08-20 14:33:33,346] {taskinstance.py:1378} INFO - 
--------------------------------------------------------------------------------
[2022-08-20 14:33:33,375] {taskinstance.py:1397} INFO - Executing <Task(BashOperator): extract_data_from_fixed_width> on 2022-08-16 00:00:00+00:00
[2022-08-20 14:33:33,380] {standard_task_runner.py:52} INFO - Started process 1009 to run task
[2022-08-20 14:33:33,385] {standard_task_runner.py:79} INFO - Running: ['***', 'tasks', 'run', 'ETL_toll_data', 'extract_data_from_fixed_width', 'scheduled__2022-08-16T00:00:00+00:00', '--job-id', '108', '--raw', '--subdir', 'DAGS_FOLDER/final/final.py', '--cfg-path', '/tmp/tmpywv33835', '--error-file', '/tmp/tmpn95t914g']
[2022-08-20 14:33:33,386] {standard_task_runner.py:80} INFO - Job 108: Subtask extract_data_from_fixed_width
[2022-08-20 14:33:33,460] {task_command.py:371} INFO - Running <TaskInstance: ETL_toll_data.extract_data_from_fixed_width scheduled__2022-08-16T00:00:00+00:00 [running]> on host d96844587567
[2022-08-20 14:33:33,561] {taskinstance.py:1591} INFO - Exporting the following env vars:
AIRFLOW_CTX_DAG_EMAIL=19447.iuh@gmail.com
AIRFLOW_CTX_DAG_OWNER=Ton
AIRFLOW_CTX_DAG_ID=ETL_toll_data
AIRFLOW_CTX_TASK_ID=extract_data_from_fixed_width
AIRFLOW_CTX_EXECUTION_DATE=2022-08-16T00:00:00+00:00
AIRFLOW_CTX_TRY_NUMBER=1
AIRFLOW_CTX_DAG_RUN_ID=scheduled__2022-08-16T00:00:00+00:00
[2022-08-20 14:33:33,562] {subprocess.py:62} INFO - Tmp dir root location: 
 /tmp
[2022-08-20 14:33:33,563] {subprocess.py:74} INFO - Running command: ['bash', '-c', 'tr -s " "< /opt/***/dags/final/staging/payment-data.txt | cut -d" " -f11-12 | sed "s/$/,/" | tr " " ","  > /opt/***/dags/final/staging/fixed_width_data.csv']
[2022-08-20 14:33:33,573] {subprocess.py:85} INFO - Output:
[2022-08-20 14:33:33,582] {subprocess.py:96} INFO - Command exited with return code 0
[2022-08-20 14:33:33,615] {taskinstance.py:1420} INFO - Marking task as SUCCESS. dag_id=ETL_toll_data, task_id=extract_data_from_fixed_width, execution_date=20220816T000000, start_date=20220820T143333, end_date=20220820T143333
[2022-08-20 14:33:33,636] {local_task_job.py:156} INFO - Task exited with return code 0
[2022-08-20 14:33:33,685] {local_task_job.py:273} INFO - 1 downstream tasks scheduled from follow-on schedule check
